[2016-05-02 00:02:28] local.ERROR: Debugbar exception: File does not exist at path /var/www/html/portalbase/storage/debugbar/49141bca0d33c124b09c9de4a6aa9c4f.json  
[2016-05-02 02:02:02] local.ERROR: exception 'Illuminate\Session\TokenMismatchException' in /var/www/html/portalbase/bootstrap/cache/compiled.php:2927
Stack trace:
#0 /var/www/html/portalbase/app/Http/Middleware/VerifyCsrfToken.php(17): Illuminate\Foundation\Http\Middleware\VerifyCsrfToken->handle(Object(Illuminate\Http\Request), Object(Closure))
#1 [internal function]: App\Http\Middleware\VerifyCsrfToken->handle(Object(Illuminate\Http\Request), Object(Closure))
#2 /var/www/html/portalbase/bootstrap/cache/compiled.php(9614): call_user_func_array(Array, Array)
#3 /var/www/html/portalbase/vendor/maatwebsite/laravel-sidebar/src/Middleware/ResolveSidebars.php(35): Illuminate\Pipeline\Pipeline->Illuminate\Pipeline\{closure}(Object(Illuminate\Http\Request))
#4 [internal function]: Maatwebsite\Sidebar\Middleware\ResolveSidebars->handle(Object(Illuminate\Http\Request), Object(Closure))
#5 /var/www/html/portalbase/bootstrap/cache/compiled.php(9614): call_user_func_array(Array, Array)
#6 /var/www/html/portalbase/bootstrap/cache/compiled.php(12963): Illuminate\Pipeline\Pipeline->Illuminate\Pipeline\{closure}(Object(Illuminate\Http\Request))
#7 [internal function]: Illuminate\View\Middleware\ShareErrorsFromSession->handle(Object(Illuminate\Http\Request), Object(Closure))
#8 /var/www/html/portalbase/bootstrap/cache/compiled.php(9614): call_user_func_array(Array, Array)
#9 /var/www/html/portalbase/bootstrap/cache/compiled.php(11557): Illuminate\Pipeline\Pipeline->Illuminate\Pipeline\{closure}(Object(Illuminate\Http\Request))
#10 [internal function]: Illuminate\Session\Middleware\StartSession->handle(Object(Illuminate\Http\Request), Object(Closure))
#11 /var/www/html/portalbase/bootstrap/cache/compiled.php(9614): call_user_func_array(Array, Array)
#12 /var/www/html/portalbase/bootstrap/cache/compiled.php(12700): Illuminate\Pipeline\Pipeline->Illuminate\Pipeline\{closure}(Object(Illuminate\Http\Request))
#13 [internal function]: Illuminate\Cookie\Middleware\AddQueuedCookiesToResponse->handle(Object(Illuminate\Http\Request), Object(Closure))
#14 /var/www/html/portalbase/bootstrap/cache/compiled.php(9614): call_user_func_array(Array, Array)
#15 /var/www/html/portalbase/bootstrap/cache/compiled.php(12637): Illuminate\Pipeline\Pipeline->Illuminate\Pipeline\{closure}(Object(Illuminate\Http\Request))
#16 [internal function]: Illuminate\Cookie\Middleware\EncryptCookies->handle(Object(Illuminate\Http\Request), Object(Closure))
#17 /var/www/html/portalbase/bootstrap/cache/compiled.php(9614): call_user_func_array(Array, Array)
#18 /var/www/html/portalbase/bootstrap/cache/compiled.php(2982): Illuminate\Pipeline\Pipeline->Illuminate\Pipeline\{closure}(Object(Illuminate\Http\Request))
#19 [internal function]: Illuminate\Foundation\Http\Middleware\CheckForMaintenanceMode->handle(Object(Illuminate\Http\Request), Object(Closure))
#20 /var/www/html/portalbase/bootstrap/cache/compiled.php(9614): call_user_func_array(Array, Array)
#21 [internal function]: Illuminate\Pipeline\Pipeline->Illuminate\Pipeline\{closure}(Object(Illuminate\Http\Request))
#22 /var/www/html/portalbase/bootstrap/cache/compiled.php(9604): call_user_func(Object(Closure), Object(Illuminate\Http\Request))
#23 /var/www/html/portalbase/bootstrap/cache/compiled.php(2254): Illuminate\Pipeline\Pipeline->then(Object(Closure))
#24 /var/www/html/portalbase/bootstrap/cache/compiled.php(2237): Illuminate\Foundation\Http\Kernel->sendRequestThroughRouter(Object(Illuminate\Http\Request))
#25 /var/www/html/portalbase/public/index.php(53): Illuminate\Foundation\Http\Kernel->handle(Object(Illuminate\Http\Request))
#26 {main}  
[2016-05-02 04:09:43] local.ERROR: Debugbar exception: File does not exist at path /var/www/html/portalbase/storage/debugbar/fa5d3578a46fcaf9b16b09216b1be1ec.json  
[2016-05-02 06:37:58] local.ERROR: exception 'Illuminate\Session\TokenMismatchException' in /var/www/html/portalbase/bootstrap/cache/compiled.php:2927
Stack trace:
#0 /var/www/html/portalbase/app/Http/Middleware/VerifyCsrfToken.php(17): Illuminate\Foundation\Http\Middleware\VerifyCsrfToken->handle(Object(Illuminate\Http\Request), Object(Closure))
#1 [internal function]: App\Http\Middleware\VerifyCsrfToken->handle(Object(Illuminate\Http\Request), Object(Closure))
#2 /var/www/html/portalbase/bootstrap/cache/compiled.php(9614): call_user_func_array(Array, Array)
#3 /var/www/html/portalbase/vendor/maatwebsite/laravel-sidebar/src/Middleware/ResolveSidebars.php(35): Illuminate\Pipeline\Pipeline->Illuminate\Pipeline\{closure}(Object(Illuminate\Http\Request))
#4 [internal function]: Maatwebsite\Sidebar\Middleware\ResolveSidebars->handle(Object(Illuminate\Http\Request), Object(Closure))
#5 /var/www/html/portalbase/bootstrap/cache/compiled.php(9614): call_user_func_array(Array, Array)
#6 /var/www/html/portalbase/bootstrap/cache/compiled.php(12963): Illuminate\Pipeline\Pipeline->Illuminate\Pipeline\{closure}(Object(Illuminate\Http\Request))
#7 [internal function]: Illuminate\View\Middleware\ShareErrorsFromSession->handle(Object(Illuminate\Http\Request), Object(Closure))
#8 /var/www/html/portalbase/bootstrap/cache/compiled.php(9614): call_user_func_array(Array, Array)
#9 /var/www/html/portalbase/bootstrap/cache/compiled.php(11557): Illuminate\Pipeline\Pipeline->Illuminate\Pipeline\{closure}(Object(Illuminate\Http\Request))
#10 [internal function]: Illuminate\Session\Middleware\StartSession->handle(Object(Illuminate\Http\Request), Object(Closure))
#11 /var/www/html/portalbase/bootstrap/cache/compiled.php(9614): call_user_func_array(Array, Array)
#12 /var/www/html/portalbase/bootstrap/cache/compiled.php(12700): Illuminate\Pipeline\Pipeline->Illuminate\Pipeline\{closure}(Object(Illuminate\Http\Request))
#13 [internal function]: Illuminate\Cookie\Middleware\AddQueuedCookiesToResponse->handle(Object(Illuminate\Http\Request), Object(Closure))
#14 /var/www/html/portalbase/bootstrap/cache/compiled.php(9614): call_user_func_array(Array, Array)
#15 /var/www/html/portalbase/bootstrap/cache/compiled.php(12637): Illuminate\Pipeline\Pipeline->Illuminate\Pipeline\{closure}(Object(Illuminate\Http\Request))
#16 [internal function]: Illuminate\Cookie\Middleware\EncryptCookies->handle(Object(Illuminate\Http\Request), Object(Closure))
#17 /var/www/html/portalbase/bootstrap/cache/compiled.php(9614): call_user_func_array(Array, Array)
#18 /var/www/html/portalbase/bootstrap/cache/compiled.php(2982): Illuminate\Pipeline\Pipeline->Illuminate\Pipeline\{closure}(Object(Illuminate\Http\Request))
#19 [internal function]: Illuminate\Foundation\Http\Middleware\CheckForMaintenanceMode->handle(Object(Illuminate\Http\Request), Object(Closure))
#20 /var/www/html/portalbase/bootstrap/cache/compiled.php(9614): call_user_func_array(Array, Array)
#21 [internal function]: Illuminate\Pipeline\Pipeline->Illuminate\Pipeline\{closure}(Object(Illuminate\Http\Request))
#22 /var/www/html/portalbase/bootstrap/cache/compiled.php(9604): call_user_func(Object(Closure), Object(Illuminate\Http\Request))
#23 /var/www/html/portalbase/bootstrap/cache/compiled.php(2254): Illuminate\Pipeline\Pipeline->then(Object(Closure))
#24 /var/www/html/portalbase/bootstrap/cache/compiled.php(2237): Illuminate\Foundation\Http\Kernel->sendRequestThroughRouter(Object(Illuminate\Http\Request))
#25 /var/www/html/portalbase/public/index.php(53): Illuminate\Foundation\Http\Kernel->handle(Object(Illuminate\Http\Request))
#26 {main}  
[2016-05-02 11:17:03] local.ERROR: exception 'Illuminate\Session\TokenMismatchException' in /var/www/html/portalbase/bootstrap/cache/compiled.php:2927
Stack trace:
#0 /var/www/html/portalbase/app/Http/Middleware/VerifyCsrfToken.php(17): Illuminate\Foundation\Http\Middleware\VerifyCsrfToken->handle(Object(Illuminate\Http\Request), Object(Closure))
#1 [internal function]: App\Http\Middleware\VerifyCsrfToken->handle(Object(Illuminate\Http\Request), Object(Closure))
#2 /var/www/html/portalbase/bootstrap/cache/compiled.php(9614): call_user_func_array(Array, Array)
#3 /var/www/html/portalbase/vendor/maatwebsite/laravel-sidebar/src/Middleware/ResolveSidebars.php(35): Illuminate\Pipeline\Pipeline->Illuminate\Pipeline\{closure}(Object(Illuminate\Http\Request))
#4 [internal function]: Maatwebsite\Sidebar\Middleware\ResolveSidebars->handle(Object(Illuminate\Http\Request), Object(Closure))
#5 /var/www/html/portalbase/bootstrap/cache/compiled.php(9614): call_user_func_array(Array, Array)
#6 /var/www/html/portalbase/bootstrap/cache/compiled.php(12963): Illuminate\Pipeline\Pipeline->Illuminate\Pipeline\{closure}(Object(Illuminate\Http\Request))
#7 [internal function]: Illuminate\View\Middleware\ShareErrorsFromSession->handle(Object(Illuminate\Http\Request), Object(Closure))
#8 /var/www/html/portalbase/bootstrap/cache/compiled.php(9614): call_user_func_array(Array, Array)
#9 /var/www/html/portalbase/bootstrap/cache/compiled.php(11557): Illuminate\Pipeline\Pipeline->Illuminate\Pipeline\{closure}(Object(Illuminate\Http\Request))
#10 [internal function]: Illuminate\Session\Middleware\StartSession->handle(Object(Illuminate\Http\Request), Object(Closure))
#11 /var/www/html/portalbase/bootstrap/cache/compiled.php(9614): call_user_func_array(Array, Array)
#12 /var/www/html/portalbase/bootstrap/cache/compiled.php(12700): Illuminate\Pipeline\Pipeline->Illuminate\Pipeline\{closure}(Object(Illuminate\Http\Request))
#13 [internal function]: Illuminate\Cookie\Middleware\AddQueuedCookiesToResponse->handle(Object(Illuminate\Http\Request), Object(Closure))
#14 /var/www/html/portalbase/bootstrap/cache/compiled.php(9614): call_user_func_array(Array, Array)
#15 /var/www/html/portalbase/bootstrap/cache/compiled.php(12637): Illuminate\Pipeline\Pipeline->Illuminate\Pipeline\{closure}(Object(Illuminate\Http\Request))
#16 [internal function]: Illuminate\Cookie\Middleware\EncryptCookies->handle(Object(Illuminate\Http\Request), Object(Closure))
#17 /var/www/html/portalbase/bootstrap/cache/compiled.php(9614): call_user_func_array(Array, Array)
#18 /var/www/html/portalbase/bootstrap/cache/compiled.php(2982): Illuminate\Pipeline\Pipeline->Illuminate\Pipeline\{closure}(Object(Illuminate\Http\Request))
#19 [internal function]: Illuminate\Foundation\Http\Middleware\CheckForMaintenanceMode->handle(Object(Illuminate\Http\Request), Object(Closure))
#20 /var/www/html/portalbase/bootstrap/cache/compiled.php(9614): call_user_func_array(Array, Array)
#21 [internal function]: Illuminate\Pipeline\Pipeline->Illuminate\Pipeline\{closure}(Object(Illuminate\Http\Request))
#22 /var/www/html/portalbase/bootstrap/cache/compiled.php(9604): call_user_func(Object(Closure), Object(Illuminate\Http\Request))
#23 /var/www/html/portalbase/bootstrap/cache/compiled.php(2254): Illuminate\Pipeline\Pipeline->then(Object(Closure))
#24 /var/www/html/portalbase/bootstrap/cache/compiled.php(2237): Illuminate\Foundation\Http\Kernel->sendRequestThroughRouter(Object(Illuminate\Http\Request))
#25 /var/www/html/portalbase/public/index.php(53): Illuminate\Foundation\Http\Kernel->handle(Object(Illuminate\Http\Request))
#26 {main}  
[2016-05-02 15:54:57] local.ERROR: exception 'Illuminate\Session\TokenMismatchException' in /var/www/html/portalbase/bootstrap/cache/compiled.php:2927
Stack trace:
#0 /var/www/html/portalbase/app/Http/Middleware/VerifyCsrfToken.php(17): Illuminate\Foundation\Http\Middleware\VerifyCsrfToken->handle(Object(Illuminate\Http\Request), Object(Closure))
#1 [internal function]: App\Http\Middleware\VerifyCsrfToken->handle(Object(Illuminate\Http\Request), Object(Closure))
#2 /var/www/html/portalbase/bootstrap/cache/compiled.php(9614): call_user_func_array(Array, Array)
#3 /var/www/html/portalbase/vendor/maatwebsite/laravel-sidebar/src/Middleware/ResolveSidebars.php(35): Illuminate\Pipeline\Pipeline->Illuminate\Pipeline\{closure}(Object(Illuminate\Http\Request))
#4 [internal function]: Maatwebsite\Sidebar\Middleware\ResolveSidebars->handle(Object(Illuminate\Http\Request), Object(Closure))
#5 /var/www/html/portalbase/bootstrap/cache/compiled.php(9614): call_user_func_array(Array, Array)
#6 /var/www/html/portalbase/bootstrap/cache/compiled.php(12963): Illuminate\Pipeline\Pipeline->Illuminate\Pipeline\{closure}(Object(Illuminate\Http\Request))
#7 [internal function]: Illuminate\View\Middleware\ShareErrorsFromSession->handle(Object(Illuminate\Http\Request), Object(Closure))
#8 /var/www/html/portalbase/bootstrap/cache/compiled.php(9614): call_user_func_array(Array, Array)
#9 /var/www/html/portalbase/bootstrap/cache/compiled.php(11557): Illuminate\Pipeline\Pipeline->Illuminate\Pipeline\{closure}(Object(Illuminate\Http\Request))
#10 [internal function]: Illuminate\Session\Middleware\StartSession->handle(Object(Illuminate\Http\Request), Object(Closure))
#11 /var/www/html/portalbase/bootstrap/cache/compiled.php(9614): call_user_func_array(Array, Array)
#12 /var/www/html/portalbase/bootstrap/cache/compiled.php(12700): Illuminate\Pipeline\Pipeline->Illuminate\Pipeline\{closure}(Object(Illuminate\Http\Request))
#13 [internal function]: Illuminate\Cookie\Middleware\AddQueuedCookiesToResponse->handle(Object(Illuminate\Http\Request), Object(Closure))
#14 /var/www/html/portalbase/bootstrap/cache/compiled.php(9614): call_user_func_array(Array, Array)
#15 /var/www/html/portalbase/bootstrap/cache/compiled.php(12637): Illuminate\Pipeline\Pipeline->Illuminate\Pipeline\{closure}(Object(Illuminate\Http\Request))
#16 [internal function]: Illuminate\Cookie\Middleware\EncryptCookies->handle(Object(Illuminate\Http\Request), Object(Closure))
#17 /var/www/html/portalbase/bootstrap/cache/compiled.php(9614): call_user_func_array(Array, Array)
#18 /var/www/html/portalbase/bootstrap/cache/compiled.php(2982): Illuminate\Pipeline\Pipeline->Illuminate\Pipeline\{closure}(Object(Illuminate\Http\Request))
#19 [internal function]: Illuminate\Foundation\Http\Middleware\CheckForMaintenanceMode->handle(Object(Illuminate\Http\Request), Object(Closure))
#20 /var/www/html/portalbase/bootstrap/cache/compiled.php(9614): call_user_func_array(Array, Array)
#21 [internal function]: Illuminate\Pipeline\Pipeline->Illuminate\Pipeline\{closure}(Object(Illuminate\Http\Request))
#22 /var/www/html/portalbase/bootstrap/cache/compiled.php(9604): call_user_func(Object(Closure), Object(Illuminate\Http\Request))
#23 /var/www/html/portalbase/bootstrap/cache/compiled.php(2254): Illuminate\Pipeline\Pipeline->then(Object(Closure))
#24 /var/www/html/portalbase/bootstrap/cache/compiled.php(2237): Illuminate\Foundation\Http\Kernel->sendRequestThroughRouter(Object(Illuminate\Http\Request))
#25 /var/www/html/portalbase/public/index.php(53): Illuminate\Foundation\Http\Kernel->handle(Object(Illuminate\Http\Request))
#26 {main}  
[2016-05-02 15:56:10] local.ERROR: exception 'Illuminate\Session\TokenMismatchException' in /var/www/html/portalbase/bootstrap/cache/compiled.php:2927
Stack trace:
#0 /var/www/html/portalbase/app/Http/Middleware/VerifyCsrfToken.php(17): Illuminate\Foundation\Http\Middleware\VerifyCsrfToken->handle(Object(Illuminate\Http\Request), Object(Closure))
#1 [internal function]: App\Http\Middleware\VerifyCsrfToken->handle(Object(Illuminate\Http\Request), Object(Closure))
#2 /var/www/html/portalbase/bootstrap/cache/compiled.php(9614): call_user_func_array(Array, Array)
#3 /var/www/html/portalbase/vendor/maatwebsite/laravel-sidebar/src/Middleware/ResolveSidebars.php(35): Illuminate\Pipeline\Pipeline->Illuminate\Pipeline\{closure}(Object(Illuminate\Http\Request))
#4 [internal function]: Maatwebsite\Sidebar\Middleware\ResolveSidebars->handle(Object(Illuminate\Http\Request), Object(Closure))
#5 /var/www/html/portalbase/bootstrap/cache/compiled.php(9614): call_user_func_array(Array, Array)
#6 /var/www/html/portalbase/bootstrap/cache/compiled.php(12963): Illuminate\Pipeline\Pipeline->Illuminate\Pipeline\{closure}(Object(Illuminate\Http\Request))
#7 [internal function]: Illuminate\View\Middleware\ShareErrorsFromSession->handle(Object(Illuminate\Http\Request), Object(Closure))
#8 /var/www/html/portalbase/bootstrap/cache/compiled.php(9614): call_user_func_array(Array, Array)
#9 /var/www/html/portalbase/bootstrap/cache/compiled.php(11557): Illuminate\Pipeline\Pipeline->Illuminate\Pipeline\{closure}(Object(Illuminate\Http\Request))
#10 [internal function]: Illuminate\Session\Middleware\StartSession->handle(Object(Illuminate\Http\Request), Object(Closure))
#11 /var/www/html/portalbase/bootstrap/cache/compiled.php(9614): call_user_func_array(Array, Array)
#12 /var/www/html/portalbase/bootstrap/cache/compiled.php(12700): Illuminate\Pipeline\Pipeline->Illuminate\Pipeline\{closure}(Object(Illuminate\Http\Request))
#13 [internal function]: Illuminate\Cookie\Middleware\AddQueuedCookiesToResponse->handle(Object(Illuminate\Http\Request), Object(Closure))
#14 /var/www/html/portalbase/bootstrap/cache/compiled.php(9614): call_user_func_array(Array, Array)
#15 /var/www/html/portalbase/bootstrap/cache/compiled.php(12637): Illuminate\Pipeline\Pipeline->Illuminate\Pipeline\{closure}(Object(Illuminate\Http\Request))
#16 [internal function]: Illuminate\Cookie\Middleware\EncryptCookies->handle(Object(Illuminate\Http\Request), Object(Closure))
#17 /var/www/html/portalbase/bootstrap/cache/compiled.php(9614): call_user_func_array(Array, Array)
#18 /var/www/html/portalbase/bootstrap/cache/compiled.php(2982): Illuminate\Pipeline\Pipeline->Illuminate\Pipeline\{closure}(Object(Illuminate\Http\Request))
#19 [internal function]: Illuminate\Foundation\Http\Middleware\CheckForMaintenanceMode->handle(Object(Illuminate\Http\Request), Object(Closure))
#20 /var/www/html/portalbase/bootstrap/cache/compiled.php(9614): call_user_func_array(Array, Array)
#21 [internal function]: Illuminate\Pipeline\Pipeline->Illuminate\Pipeline\{closure}(Object(Illuminate\Http\Request))
#22 /var/www/html/portalbase/bootstrap/cache/compiled.php(9604): call_user_func(Object(Closure), Object(Illuminate\Http\Request))
#23 /var/www/html/portalbase/bootstrap/cache/compiled.php(2254): Illuminate\Pipeline\Pipeline->then(Object(Closure))
#24 /var/www/html/portalbase/bootstrap/cache/compiled.php(2237): Illuminate\Foundation\Http\Kernel->sendRequestThroughRouter(Object(Illuminate\Http\Request))
#25 /var/www/html/portalbase/public/index.php(53): Illuminate\Foundation\Http\Kernel->handle(Object(Illuminate\Http\Request))
#26 {main}  
[2016-05-02 20:29:00] local.ERROR: exception 'Illuminate\Session\TokenMismatchException' in /var/www/html/portalbase/bootstrap/cache/compiled.php:2927
Stack trace:
#0 /var/www/html/portalbase/app/Http/Middleware/VerifyCsrfToken.php(17): Illuminate\Foundation\Http\Middleware\VerifyCsrfToken->handle(Object(Illuminate\Http\Request), Object(Closure))
#1 [internal function]: App\Http\Middleware\VerifyCsrfToken->handle(Object(Illuminate\Http\Request), Object(Closure))
#2 /var/www/html/portalbase/bootstrap/cache/compiled.php(9614): call_user_func_array(Array, Array)
#3 /var/www/html/portalbase/vendor/maatwebsite/laravel-sidebar/src/Middleware/ResolveSidebars.php(35): Illuminate\Pipeline\Pipeline->Illuminate\Pipeline\{closure}(Object(Illuminate\Http\Request))
#4 [internal function]: Maatwebsite\Sidebar\Middleware\ResolveSidebars->handle(Object(Illuminate\Http\Request), Object(Closure))
#5 /var/www/html/portalbase/bootstrap/cache/compiled.php(9614): call_user_func_array(Array, Array)
#6 /var/www/html/portalbase/bootstrap/cache/compiled.php(12963): Illuminate\Pipeline\Pipeline->Illuminate\Pipeline\{closure}(Object(Illuminate\Http\Request))
#7 [internal function]: Illuminate\View\Middleware\ShareErrorsFromSession->handle(Object(Illuminate\Http\Request), Object(Closure))
#8 /var/www/html/portalbase/bootstrap/cache/compiled.php(9614): call_user_func_array(Array, Array)
#9 /var/www/html/portalbase/bootstrap/cache/compiled.php(11557): Illuminate\Pipeline\Pipeline->Illuminate\Pipeline\{closure}(Object(Illuminate\Http\Request))
#10 [internal function]: Illuminate\Session\Middleware\StartSession->handle(Object(Illuminate\Http\Request), Object(Closure))
#11 /var/www/html/portalbase/bootstrap/cache/compiled.php(9614): call_user_func_array(Array, Array)
#12 /var/www/html/portalbase/bootstrap/cache/compiled.php(12700): Illuminate\Pipeline\Pipeline->Illuminate\Pipeline\{closure}(Object(Illuminate\Http\Request))
#13 [internal function]: Illuminate\Cookie\Middleware\AddQueuedCookiesToResponse->handle(Object(Illuminate\Http\Request), Object(Closure))
#14 /var/www/html/portalbase/bootstrap/cache/compiled.php(9614): call_user_func_array(Array, Array)
#15 /var/www/html/portalbase/bootstrap/cache/compiled.php(12637): Illuminate\Pipeline\Pipeline->Illuminate\Pipeline\{closure}(Object(Illuminate\Http\Request))
#16 [internal function]: Illuminate\Cookie\Middleware\EncryptCookies->handle(Object(Illuminate\Http\Request), Object(Closure))
#17 /var/www/html/portalbase/bootstrap/cache/compiled.php(9614): call_user_func_array(Array, Array)
#18 /var/www/html/portalbase/bootstrap/cache/compiled.php(2982): Illuminate\Pipeline\Pipeline->Illuminate\Pipeline\{closure}(Object(Illuminate\Http\Request))
#19 [internal function]: Illuminate\Foundation\Http\Middleware\CheckForMaintenanceMode->handle(Object(Illuminate\Http\Request), Object(Closure))
#20 /var/www/html/portalbase/bootstrap/cache/compiled.php(9614): call_user_func_array(Array, Array)
#21 [internal function]: Illuminate\Pipeline\Pipeline->Illuminate\Pipeline\{closure}(Object(Illuminate\Http\Request))
#22 /var/www/html/portalbase/bootstrap/cache/compiled.php(9604): call_user_func(Object(Closure), Object(Illuminate\Http\Request))
#23 /var/www/html/portalbase/bootstrap/cache/compiled.php(2254): Illuminate\Pipeline\Pipeline->then(Object(Closure))
#24 /var/www/html/portalbase/bootstrap/cache/compiled.php(2237): Illuminate\Foundation\Http\Kernel->sendRequestThroughRouter(Object(Illuminate\Http\Request))
#25 /var/www/html/portalbase/public/index.php(53): Illuminate\Foundation\Http\Kernel->handle(Object(Illuminate\Http\Request))
#26 {main}  
