[2016-05-01 03:31:23] local.ERROR: exception 'Illuminate\Session\TokenMismatchException' in /var/www/html/portalbase/bootstrap/cache/compiled.php:2927
Stack trace:
#0 /var/www/html/portalbase/app/Http/Middleware/VerifyCsrfToken.php(17): Illuminate\Foundation\Http\Middleware\VerifyCsrfToken->handle(Object(Illuminate\Http\Request), Object(Closure))
#1 [internal function]: App\Http\Middleware\VerifyCsrfToken->handle(Object(Illuminate\Http\Request), Object(Closure))
#2 /var/www/html/portalbase/bootstrap/cache/compiled.php(9614): call_user_func_array(Array, Array)
#3 /var/www/html/portalbase/vendor/maatwebsite/laravel-sidebar/src/Middleware/ResolveSidebars.php(35): Illuminate\Pipeline\Pipeline->Illuminate\Pipeline\{closure}(Object(Illuminate\Http\Request))
#4 [internal function]: Maatwebsite\Sidebar\Middleware\ResolveSidebars->handle(Object(Illuminate\Http\Request), Object(Closure))
#5 /var/www/html/portalbase/bootstrap/cache/compiled.php(9614): call_user_func_array(Array, Array)
#6 /var/www/html/portalbase/bootstrap/cache/compiled.php(12963): Illuminate\Pipeline\Pipeline->Illuminate\Pipeline\{closure}(Object(Illuminate\Http\Request))
#7 [internal function]: Illuminate\View\Middleware\ShareErrorsFromSession->handle(Object(Illuminate\Http\Request), Object(Closure))
#8 /var/www/html/portalbase/bootstrap/cache/compiled.php(9614): call_user_func_array(Array, Array)
#9 /var/www/html/portalbase/bootstrap/cache/compiled.php(11557): Illuminate\Pipeline\Pipeline->Illuminate\Pipeline\{closure}(Object(Illuminate\Http\Request))
#10 [internal function]: Illuminate\Session\Middleware\StartSession->handle(Object(Illuminate\Http\Request), Object(Closure))
#11 /var/www/html/portalbase/bootstrap/cache/compiled.php(9614): call_user_func_array(Array, Array)
#12 /var/www/html/portalbase/bootstrap/cache/compiled.php(12700): Illuminate\Pipeline\Pipeline->Illuminate\Pipeline\{closure}(Object(Illuminate\Http\Request))
#13 [internal function]: Illuminate\Cookie\Middleware\AddQueuedCookiesToResponse->handle(Object(Illuminate\Http\Request), Object(Closure))
#14 /var/www/html/portalbase/bootstrap/cache/compiled.php(9614): call_user_func_array(Array, Array)
#15 /var/www/html/portalbase/bootstrap/cache/compiled.php(12637): Illuminate\Pipeline\Pipeline->Illuminate\Pipeline\{closure}(Object(Illuminate\Http\Request))
#16 [internal function]: Illuminate\Cookie\Middleware\EncryptCookies->handle(Object(Illuminate\Http\Request), Object(Closure))
#17 /var/www/html/portalbase/bootstrap/cache/compiled.php(9614): call_user_func_array(Array, Array)
#18 /var/www/html/portalbase/bootstrap/cache/compiled.php(2982): Illuminate\Pipeline\Pipeline->Illuminate\Pipeline\{closure}(Object(Illuminate\Http\Request))
#19 [internal function]: Illuminate\Foundation\Http\Middleware\CheckForMaintenanceMode->handle(Object(Illuminate\Http\Request), Object(Closure))
#20 /var/www/html/portalbase/bootstrap/cache/compiled.php(9614): call_user_func_array(Array, Array)
#21 [internal function]: Illuminate\Pipeline\Pipeline->Illuminate\Pipeline\{closure}(Object(Illuminate\Http\Request))
#22 /var/www/html/portalbase/bootstrap/cache/compiled.php(9604): call_user_func(Object(Closure), Object(Illuminate\Http\Request))
#23 /var/www/html/portalbase/bootstrap/cache/compiled.php(2254): Illuminate\Pipeline\Pipeline->then(Object(Closure))
#24 /var/www/html/portalbase/bootstrap/cache/compiled.php(2237): Illuminate\Foundation\Http\Kernel->sendRequestThroughRouter(Object(Illuminate\Http\Request))
#25 /var/www/html/portalbase/public/index.php(53): Illuminate\Foundation\Http\Kernel->handle(Object(Illuminate\Http\Request))
#26 {main}  
[2016-05-01 04:06:55] local.ERROR: Debugbar exception: File does not exist at path /var/www/html/portalbase/storage/debugbar/43335ab45e9d62ceec8ed50cba8bbc1e.json  
[2016-05-01 08:05:31] local.ERROR: exception 'Illuminate\Session\TokenMismatchException' in /var/www/html/portalbase/bootstrap/cache/compiled.php:2927
Stack trace:
#0 /var/www/html/portalbase/app/Http/Middleware/VerifyCsrfToken.php(17): Illuminate\Foundation\Http\Middleware\VerifyCsrfToken->handle(Object(Illuminate\Http\Request), Object(Closure))
#1 [internal function]: App\Http\Middleware\VerifyCsrfToken->handle(Object(Illuminate\Http\Request), Object(Closure))
#2 /var/www/html/portalbase/bootstrap/cache/compiled.php(9614): call_user_func_array(Array, Array)
#3 /var/www/html/portalbase/vendor/maatwebsite/laravel-sidebar/src/Middleware/ResolveSidebars.php(35): Illuminate\Pipeline\Pipeline->Illuminate\Pipeline\{closure}(Object(Illuminate\Http\Request))
#4 [internal function]: Maatwebsite\Sidebar\Middleware\ResolveSidebars->handle(Object(Illuminate\Http\Request), Object(Closure))
#5 /var/www/html/portalbase/bootstrap/cache/compiled.php(9614): call_user_func_array(Array, Array)
#6 /var/www/html/portalbase/bootstrap/cache/compiled.php(12963): Illuminate\Pipeline\Pipeline->Illuminate\Pipeline\{closure}(Object(Illuminate\Http\Request))
#7 [internal function]: Illuminate\View\Middleware\ShareErrorsFromSession->handle(Object(Illuminate\Http\Request), Object(Closure))
#8 /var/www/html/portalbase/bootstrap/cache/compiled.php(9614): call_user_func_array(Array, Array)
#9 /var/www/html/portalbase/bootstrap/cache/compiled.php(11557): Illuminate\Pipeline\Pipeline->Illuminate\Pipeline\{closure}(Object(Illuminate\Http\Request))
#10 [internal function]: Illuminate\Session\Middleware\StartSession->handle(Object(Illuminate\Http\Request), Object(Closure))
#11 /var/www/html/portalbase/bootstrap/cache/compiled.php(9614): call_user_func_array(Array, Array)
#12 /var/www/html/portalbase/bootstrap/cache/compiled.php(12700): Illuminate\Pipeline\Pipeline->Illuminate\Pipeline\{closure}(Object(Illuminate\Http\Request))
#13 [internal function]: Illuminate\Cookie\Middleware\AddQueuedCookiesToResponse->handle(Object(Illuminate\Http\Request), Object(Closure))
#14 /var/www/html/portalbase/bootstrap/cache/compiled.php(9614): call_user_func_array(Array, Array)
#15 /var/www/html/portalbase/bootstrap/cache/compiled.php(12637): Illuminate\Pipeline\Pipeline->Illuminate\Pipeline\{closure}(Object(Illuminate\Http\Request))
#16 [internal function]: Illuminate\Cookie\Middleware\EncryptCookies->handle(Object(Illuminate\Http\Request), Object(Closure))
#17 /var/www/html/portalbase/bootstrap/cache/compiled.php(9614): call_user_func_array(Array, Array)
#18 /var/www/html/portalbase/bootstrap/cache/compiled.php(2982): Illuminate\Pipeline\Pipeline->Illuminate\Pipeline\{closure}(Object(Illuminate\Http\Request))
#19 [internal function]: Illuminate\Foundation\Http\Middleware\CheckForMaintenanceMode->handle(Object(Illuminate\Http\Request), Object(Closure))
#20 /var/www/html/portalbase/bootstrap/cache/compiled.php(9614): call_user_func_array(Array, Array)
#21 [internal function]: Illuminate\Pipeline\Pipeline->Illuminate\Pipeline\{closure}(Object(Illuminate\Http\Request))
#22 /var/www/html/portalbase/bootstrap/cache/compiled.php(9604): call_user_func(Object(Closure), Object(Illuminate\Http\Request))
#23 /var/www/html/portalbase/bootstrap/cache/compiled.php(2254): Illuminate\Pipeline\Pipeline->then(Object(Closure))
#24 /var/www/html/portalbase/bootstrap/cache/compiled.php(2237): Illuminate\Foundation\Http\Kernel->sendRequestThroughRouter(Object(Illuminate\Http\Request))
#25 /var/www/html/portalbase/public/index.php(53): Illuminate\Foundation\Http\Kernel->handle(Object(Illuminate\Http\Request))
#26 {main}  
[2016-05-01 12:33:08] local.ERROR: exception 'Illuminate\Session\TokenMismatchException' in /var/www/html/portalbase/bootstrap/cache/compiled.php:2927
Stack trace:
#0 /var/www/html/portalbase/app/Http/Middleware/VerifyCsrfToken.php(17): Illuminate\Foundation\Http\Middleware\VerifyCsrfToken->handle(Object(Illuminate\Http\Request), Object(Closure))
#1 [internal function]: App\Http\Middleware\VerifyCsrfToken->handle(Object(Illuminate\Http\Request), Object(Closure))
#2 /var/www/html/portalbase/bootstrap/cache/compiled.php(9614): call_user_func_array(Array, Array)
#3 /var/www/html/portalbase/vendor/maatwebsite/laravel-sidebar/src/Middleware/ResolveSidebars.php(35): Illuminate\Pipeline\Pipeline->Illuminate\Pipeline\{closure}(Object(Illuminate\Http\Request))
#4 [internal function]: Maatwebsite\Sidebar\Middleware\ResolveSidebars->handle(Object(Illuminate\Http\Request), Object(Closure))
#5 /var/www/html/portalbase/bootstrap/cache/compiled.php(9614): call_user_func_array(Array, Array)
#6 /var/www/html/portalbase/bootstrap/cache/compiled.php(12963): Illuminate\Pipeline\Pipeline->Illuminate\Pipeline\{closure}(Object(Illuminate\Http\Request))
#7 [internal function]: Illuminate\View\Middleware\ShareErrorsFromSession->handle(Object(Illuminate\Http\Request), Object(Closure))
#8 /var/www/html/portalbase/bootstrap/cache/compiled.php(9614): call_user_func_array(Array, Array)
#9 /var/www/html/portalbase/bootstrap/cache/compiled.php(11557): Illuminate\Pipeline\Pipeline->Illuminate\Pipeline\{closure}(Object(Illuminate\Http\Request))
#10 [internal function]: Illuminate\Session\Middleware\StartSession->handle(Object(Illuminate\Http\Request), Object(Closure))
#11 /var/www/html/portalbase/bootstrap/cache/compiled.php(9614): call_user_func_array(Array, Array)
#12 /var/www/html/portalbase/bootstrap/cache/compiled.php(12700): Illuminate\Pipeline\Pipeline->Illuminate\Pipeline\{closure}(Object(Illuminate\Http\Request))
#13 [internal function]: Illuminate\Cookie\Middleware\AddQueuedCookiesToResponse->handle(Object(Illuminate\Http\Request), Object(Closure))
#14 /var/www/html/portalbase/bootstrap/cache/compiled.php(9614): call_user_func_array(Array, Array)
#15 /var/www/html/portalbase/bootstrap/cache/compiled.php(12637): Illuminate\Pipeline\Pipeline->Illuminate\Pipeline\{closure}(Object(Illuminate\Http\Request))
#16 [internal function]: Illuminate\Cookie\Middleware\EncryptCookies->handle(Object(Illuminate\Http\Request), Object(Closure))
#17 /var/www/html/portalbase/bootstrap/cache/compiled.php(9614): call_user_func_array(Array, Array)
#18 /var/www/html/portalbase/bootstrap/cache/compiled.php(2982): Illuminate\Pipeline\Pipeline->Illuminate\Pipeline\{closure}(Object(Illuminate\Http\Request))
#19 [internal function]: Illuminate\Foundation\Http\Middleware\CheckForMaintenanceMode->handle(Object(Illuminate\Http\Request), Object(Closure))
#20 /var/www/html/portalbase/bootstrap/cache/compiled.php(9614): call_user_func_array(Array, Array)
#21 [internal function]: Illuminate\Pipeline\Pipeline->Illuminate\Pipeline\{closure}(Object(Illuminate\Http\Request))
#22 /var/www/html/portalbase/bootstrap/cache/compiled.php(9604): call_user_func(Object(Closure), Object(Illuminate\Http\Request))
#23 /var/www/html/portalbase/bootstrap/cache/compiled.php(2254): Illuminate\Pipeline\Pipeline->then(Object(Closure))
#24 /var/www/html/portalbase/bootstrap/cache/compiled.php(2237): Illuminate\Foundation\Http\Kernel->sendRequestThroughRouter(Object(Illuminate\Http\Request))
#25 /var/www/html/portalbase/public/index.php(53): Illuminate\Foundation\Http\Kernel->handle(Object(Illuminate\Http\Request))
#26 {main}  
[2016-05-01 17:00:18] local.ERROR: exception 'Illuminate\Session\TokenMismatchException' in /var/www/html/portalbase/bootstrap/cache/compiled.php:2927
Stack trace:
#0 /var/www/html/portalbase/app/Http/Middleware/VerifyCsrfToken.php(17): Illuminate\Foundation\Http\Middleware\VerifyCsrfToken->handle(Object(Illuminate\Http\Request), Object(Closure))
#1 [internal function]: App\Http\Middleware\VerifyCsrfToken->handle(Object(Illuminate\Http\Request), Object(Closure))
#2 /var/www/html/portalbase/bootstrap/cache/compiled.php(9614): call_user_func_array(Array, Array)
#3 /var/www/html/portalbase/vendor/maatwebsite/laravel-sidebar/src/Middleware/ResolveSidebars.php(35): Illuminate\Pipeline\Pipeline->Illuminate\Pipeline\{closure}(Object(Illuminate\Http\Request))
#4 [internal function]: Maatwebsite\Sidebar\Middleware\ResolveSidebars->handle(Object(Illuminate\Http\Request), Object(Closure))
#5 /var/www/html/portalbase/bootstrap/cache/compiled.php(9614): call_user_func_array(Array, Array)
#6 /var/www/html/portalbase/bootstrap/cache/compiled.php(12963): Illuminate\Pipeline\Pipeline->Illuminate\Pipeline\{closure}(Object(Illuminate\Http\Request))
#7 [internal function]: Illuminate\View\Middleware\ShareErrorsFromSession->handle(Object(Illuminate\Http\Request), Object(Closure))
#8 /var/www/html/portalbase/bootstrap/cache/compiled.php(9614): call_user_func_array(Array, Array)
#9 /var/www/html/portalbase/bootstrap/cache/compiled.php(11557): Illuminate\Pipeline\Pipeline->Illuminate\Pipeline\{closure}(Object(Illuminate\Http\Request))
#10 [internal function]: Illuminate\Session\Middleware\StartSession->handle(Object(Illuminate\Http\Request), Object(Closure))
#11 /var/www/html/portalbase/bootstrap/cache/compiled.php(9614): call_user_func_array(Array, Array)
#12 /var/www/html/portalbase/bootstrap/cache/compiled.php(12700): Illuminate\Pipeline\Pipeline->Illuminate\Pipeline\{closure}(Object(Illuminate\Http\Request))
#13 [internal function]: Illuminate\Cookie\Middleware\AddQueuedCookiesToResponse->handle(Object(Illuminate\Http\Request), Object(Closure))
#14 /var/www/html/portalbase/bootstrap/cache/compiled.php(9614): call_user_func_array(Array, Array)
#15 /var/www/html/portalbase/bootstrap/cache/compiled.php(12637): Illuminate\Pipeline\Pipeline->Illuminate\Pipeline\{closure}(Object(Illuminate\Http\Request))
#16 [internal function]: Illuminate\Cookie\Middleware\EncryptCookies->handle(Object(Illuminate\Http\Request), Object(Closure))
#17 /var/www/html/portalbase/bootstrap/cache/compiled.php(9614): call_user_func_array(Array, Array)
#18 /var/www/html/portalbase/bootstrap/cache/compiled.php(2982): Illuminate\Pipeline\Pipeline->Illuminate\Pipeline\{closure}(Object(Illuminate\Http\Request))
#19 [internal function]: Illuminate\Foundation\Http\Middleware\CheckForMaintenanceMode->handle(Object(Illuminate\Http\Request), Object(Closure))
#20 /var/www/html/portalbase/bootstrap/cache/compiled.php(9614): call_user_func_array(Array, Array)
#21 [internal function]: Illuminate\Pipeline\Pipeline->Illuminate\Pipeline\{closure}(Object(Illuminate\Http\Request))
#22 /var/www/html/portalbase/bootstrap/cache/compiled.php(9604): call_user_func(Object(Closure), Object(Illuminate\Http\Request))
#23 /var/www/html/portalbase/bootstrap/cache/compiled.php(2254): Illuminate\Pipeline\Pipeline->then(Object(Closure))
#24 /var/www/html/portalbase/bootstrap/cache/compiled.php(2237): Illuminate\Foundation\Http\Kernel->sendRequestThroughRouter(Object(Illuminate\Http\Request))
#25 /var/www/html/portalbase/public/index.php(53): Illuminate\Foundation\Http\Kernel->handle(Object(Illuminate\Http\Request))
#26 {main}  
[2016-05-01 21:13:50] local.ERROR: Debugbar exception: File does not exist at path /var/www/html/portalbase/storage/debugbar/2a71964c3fbb9870c7880b15836edb02.json  
[2016-05-01 21:31:35] local.ERROR: exception 'Illuminate\Session\TokenMismatchException' in /var/www/html/portalbase/bootstrap/cache/compiled.php:2927
Stack trace:
#0 /var/www/html/portalbase/app/Http/Middleware/VerifyCsrfToken.php(17): Illuminate\Foundation\Http\Middleware\VerifyCsrfToken->handle(Object(Illuminate\Http\Request), Object(Closure))
#1 [internal function]: App\Http\Middleware\VerifyCsrfToken->handle(Object(Illuminate\Http\Request), Object(Closure))
#2 /var/www/html/portalbase/bootstrap/cache/compiled.php(9614): call_user_func_array(Array, Array)
#3 /var/www/html/portalbase/vendor/maatwebsite/laravel-sidebar/src/Middleware/ResolveSidebars.php(35): Illuminate\Pipeline\Pipeline->Illuminate\Pipeline\{closure}(Object(Illuminate\Http\Request))
#4 [internal function]: Maatwebsite\Sidebar\Middleware\ResolveSidebars->handle(Object(Illuminate\Http\Request), Object(Closure))
#5 /var/www/html/portalbase/bootstrap/cache/compiled.php(9614): call_user_func_array(Array, Array)
#6 /var/www/html/portalbase/bootstrap/cache/compiled.php(12963): Illuminate\Pipeline\Pipeline->Illuminate\Pipeline\{closure}(Object(Illuminate\Http\Request))
#7 [internal function]: Illuminate\View\Middleware\ShareErrorsFromSession->handle(Object(Illuminate\Http\Request), Object(Closure))
#8 /var/www/html/portalbase/bootstrap/cache/compiled.php(9614): call_user_func_array(Array, Array)
#9 /var/www/html/portalbase/bootstrap/cache/compiled.php(11557): Illuminate\Pipeline\Pipeline->Illuminate\Pipeline\{closure}(Object(Illuminate\Http\Request))
#10 [internal function]: Illuminate\Session\Middleware\StartSession->handle(Object(Illuminate\Http\Request), Object(Closure))
#11 /var/www/html/portalbase/bootstrap/cache/compiled.php(9614): call_user_func_array(Array, Array)
#12 /var/www/html/portalbase/bootstrap/cache/compiled.php(12700): Illuminate\Pipeline\Pipeline->Illuminate\Pipeline\{closure}(Object(Illuminate\Http\Request))
#13 [internal function]: Illuminate\Cookie\Middleware\AddQueuedCookiesToResponse->handle(Object(Illuminate\Http\Request), Object(Closure))
#14 /var/www/html/portalbase/bootstrap/cache/compiled.php(9614): call_user_func_array(Array, Array)
#15 /var/www/html/portalbase/bootstrap/cache/compiled.php(12637): Illuminate\Pipeline\Pipeline->Illuminate\Pipeline\{closure}(Object(Illuminate\Http\Request))
#16 [internal function]: Illuminate\Cookie\Middleware\EncryptCookies->handle(Object(Illuminate\Http\Request), Object(Closure))
#17 /var/www/html/portalbase/bootstrap/cache/compiled.php(9614): call_user_func_array(Array, Array)
#18 /var/www/html/portalbase/bootstrap/cache/compiled.php(2982): Illuminate\Pipeline\Pipeline->Illuminate\Pipeline\{closure}(Object(Illuminate\Http\Request))
#19 [internal function]: Illuminate\Foundation\Http\Middleware\CheckForMaintenanceMode->handle(Object(Illuminate\Http\Request), Object(Closure))
#20 /var/www/html/portalbase/bootstrap/cache/compiled.php(9614): call_user_func_array(Array, Array)
#21 [internal function]: Illuminate\Pipeline\Pipeline->Illuminate\Pipeline\{closure}(Object(Illuminate\Http\Request))
#22 /var/www/html/portalbase/bootstrap/cache/compiled.php(9604): call_user_func(Object(Closure), Object(Illuminate\Http\Request))
#23 /var/www/html/portalbase/bootstrap/cache/compiled.php(2254): Illuminate\Pipeline\Pipeline->then(Object(Closure))
#24 /var/www/html/portalbase/bootstrap/cache/compiled.php(2237): Illuminate\Foundation\Http\Kernel->sendRequestThroughRouter(Object(Illuminate\Http\Request))
#25 /var/www/html/portalbase/public/index.php(53): Illuminate\Foundation\Http\Kernel->handle(Object(Illuminate\Http\Request))
#26 {main}  
