[2016-05-04 04:32:02] local.ERROR: exception 'Illuminate\Session\TokenMismatchException' in /var/www/html/portalbase/bootstrap/cache/compiled.php:2927
Stack trace:
#0 /var/www/html/portalbase/app/Http/Middleware/VerifyCsrfToken.php(17): Illuminate\Foundation\Http\Middleware\VerifyCsrfToken->handle(Object(Illuminate\Http\Request), Object(Closure))
#1 [internal function]: App\Http\Middleware\VerifyCsrfToken->handle(Object(Illuminate\Http\Request), Object(Closure))
#2 /var/www/html/portalbase/bootstrap/cache/compiled.php(9614): call_user_func_array(Array, Array)
#3 /var/www/html/portalbase/vendor/maatwebsite/laravel-sidebar/src/Middleware/ResolveSidebars.php(35): Illuminate\Pipeline\Pipeline->Illuminate\Pipeline\{closure}(Object(Illuminate\Http\Request))
#4 [internal function]: Maatwebsite\Sidebar\Middleware\ResolveSidebars->handle(Object(Illuminate\Http\Request), Object(Closure))
#5 /var/www/html/portalbase/bootstrap/cache/compiled.php(9614): call_user_func_array(Array, Array)
#6 /var/www/html/portalbase/bootstrap/cache/compiled.php(12963): Illuminate\Pipeline\Pipeline->Illuminate\Pipeline\{closure}(Object(Illuminate\Http\Request))
#7 [internal function]: Illuminate\View\Middleware\ShareErrorsFromSession->handle(Object(Illuminate\Http\Request), Object(Closure))
#8 /var/www/html/portalbase/bootstrap/cache/compiled.php(9614): call_user_func_array(Array, Array)
#9 /var/www/html/portalbase/bootstrap/cache/compiled.php(11557): Illuminate\Pipeline\Pipeline->Illuminate\Pipeline\{closure}(Object(Illuminate\Http\Request))
#10 [internal function]: Illuminate\Session\Middleware\StartSession->handle(Object(Illuminate\Http\Request), Object(Closure))
#11 /var/www/html/portalbase/bootstrap/cache/compiled.php(9614): call_user_func_array(Array, Array)
#12 /var/www/html/portalbase/bootstrap/cache/compiled.php(12700): Illuminate\Pipeline\Pipeline->Illuminate\Pipeline\{closure}(Object(Illuminate\Http\Request))
#13 [internal function]: Illuminate\Cookie\Middleware\AddQueuedCookiesToResponse->handle(Object(Illuminate\Http\Request), Object(Closure))
#14 /var/www/html/portalbase/bootstrap/cache/compiled.php(9614): call_user_func_array(Array, Array)
#15 /var/www/html/portalbase/bootstrap/cache/compiled.php(12637): Illuminate\Pipeline\Pipeline->Illuminate\Pipeline\{closure}(Object(Illuminate\Http\Request))
#16 [internal function]: Illuminate\Cookie\Middleware\EncryptCookies->handle(Object(Illuminate\Http\Request), Object(Closure))
#17 /var/www/html/portalbase/bootstrap/cache/compiled.php(9614): call_user_func_array(Array, Array)
#18 /var/www/html/portalbase/bootstrap/cache/compiled.php(2982): Illuminate\Pipeline\Pipeline->Illuminate\Pipeline\{closure}(Object(Illuminate\Http\Request))
#19 [internal function]: Illuminate\Foundation\Http\Middleware\CheckForMaintenanceMode->handle(Object(Illuminate\Http\Request), Object(Closure))
#20 /var/www/html/portalbase/bootstrap/cache/compiled.php(9614): call_user_func_array(Array, Array)
#21 [internal function]: Illuminate\Pipeline\Pipeline->Illuminate\Pipeline\{closure}(Object(Illuminate\Http\Request))
#22 /var/www/html/portalbase/bootstrap/cache/compiled.php(9604): call_user_func(Object(Closure), Object(Illuminate\Http\Request))
#23 /var/www/html/portalbase/bootstrap/cache/compiled.php(2254): Illuminate\Pipeline\Pipeline->then(Object(Closure))
#24 /var/www/html/portalbase/bootstrap/cache/compiled.php(2237): Illuminate\Foundation\Http\Kernel->sendRequestThroughRouter(Object(Illuminate\Http\Request))
#25 /var/www/html/portalbase/public/index.php(53): Illuminate\Foundation\Http\Kernel->handle(Object(Illuminate\Http\Request))
#26 {main}  
[2016-05-04 05:44:03] local.ERROR: Debugbar exception: File does not exist at path /var/www/html/portalbase/storage/debugbar/1edb3dd2cfc34c4fad43268d08668f2d.json  
[2016-05-04 05:45:12] local.ERROR: Debugbar exception: File does not exist at path /var/www/html/portalbase/storage/debugbar/eb92c3b2da88f892ec0aeebffb8f95ba.json  
[2016-05-04 05:57:14] local.ERROR: Debugbar exception: File does not exist at path /var/www/html/portalbase/storage/debugbar/3cd36e7cd6f47f5cc87081f93d631ee7.json  
[2016-05-04 05:57:18] local.ERROR: Debugbar exception: File does not exist at path /var/www/html/portalbase/storage/debugbar/5a9ee8561494315d0b25112a849c5b35.json  
[2016-05-04 09:02:12] local.ERROR: exception 'Illuminate\Session\TokenMismatchException' in /var/www/html/portalbase/bootstrap/cache/compiled.php:2927
Stack trace:
#0 /var/www/html/portalbase/app/Http/Middleware/VerifyCsrfToken.php(17): Illuminate\Foundation\Http\Middleware\VerifyCsrfToken->handle(Object(Illuminate\Http\Request), Object(Closure))
#1 [internal function]: App\Http\Middleware\VerifyCsrfToken->handle(Object(Illuminate\Http\Request), Object(Closure))
#2 /var/www/html/portalbase/bootstrap/cache/compiled.php(9614): call_user_func_array(Array, Array)
#3 /var/www/html/portalbase/vendor/maatwebsite/laravel-sidebar/src/Middleware/ResolveSidebars.php(35): Illuminate\Pipeline\Pipeline->Illuminate\Pipeline\{closure}(Object(Illuminate\Http\Request))
#4 [internal function]: Maatwebsite\Sidebar\Middleware\ResolveSidebars->handle(Object(Illuminate\Http\Request), Object(Closure))
#5 /var/www/html/portalbase/bootstrap/cache/compiled.php(9614): call_user_func_array(Array, Array)
#6 /var/www/html/portalbase/bootstrap/cache/compiled.php(12963): Illuminate\Pipeline\Pipeline->Illuminate\Pipeline\{closure}(Object(Illuminate\Http\Request))
#7 [internal function]: Illuminate\View\Middleware\ShareErrorsFromSession->handle(Object(Illuminate\Http\Request), Object(Closure))
#8 /var/www/html/portalbase/bootstrap/cache/compiled.php(9614): call_user_func_array(Array, Array)
#9 /var/www/html/portalbase/bootstrap/cache/compiled.php(11557): Illuminate\Pipeline\Pipeline->Illuminate\Pipeline\{closure}(Object(Illuminate\Http\Request))
#10 [internal function]: Illuminate\Session\Middleware\StartSession->handle(Object(Illuminate\Http\Request), Object(Closure))
#11 /var/www/html/portalbase/bootstrap/cache/compiled.php(9614): call_user_func_array(Array, Array)
#12 /var/www/html/portalbase/bootstrap/cache/compiled.php(12700): Illuminate\Pipeline\Pipeline->Illuminate\Pipeline\{closure}(Object(Illuminate\Http\Request))
#13 [internal function]: Illuminate\Cookie\Middleware\AddQueuedCookiesToResponse->handle(Object(Illuminate\Http\Request), Object(Closure))
#14 /var/www/html/portalbase/bootstrap/cache/compiled.php(9614): call_user_func_array(Array, Array)
#15 /var/www/html/portalbase/bootstrap/cache/compiled.php(12637): Illuminate\Pipeline\Pipeline->Illuminate\Pipeline\{closure}(Object(Illuminate\Http\Request))
#16 [internal function]: Illuminate\Cookie\Middleware\EncryptCookies->handle(Object(Illuminate\Http\Request), Object(Closure))
#17 /var/www/html/portalbase/bootstrap/cache/compiled.php(9614): call_user_func_array(Array, Array)
#18 /var/www/html/portalbase/bootstrap/cache/compiled.php(2982): Illuminate\Pipeline\Pipeline->Illuminate\Pipeline\{closure}(Object(Illuminate\Http\Request))
#19 [internal function]: Illuminate\Foundation\Http\Middleware\CheckForMaintenanceMode->handle(Object(Illuminate\Http\Request), Object(Closure))
#20 /var/www/html/portalbase/bootstrap/cache/compiled.php(9614): call_user_func_array(Array, Array)
#21 [internal function]: Illuminate\Pipeline\Pipeline->Illuminate\Pipeline\{closure}(Object(Illuminate\Http\Request))
#22 /var/www/html/portalbase/bootstrap/cache/compiled.php(9604): call_user_func(Object(Closure), Object(Illuminate\Http\Request))
#23 /var/www/html/portalbase/bootstrap/cache/compiled.php(2254): Illuminate\Pipeline\Pipeline->then(Object(Closure))
#24 /var/www/html/portalbase/bootstrap/cache/compiled.php(2237): Illuminate\Foundation\Http\Kernel->sendRequestThroughRouter(Object(Illuminate\Http\Request))
#25 /var/www/html/portalbase/public/index.php(53): Illuminate\Foundation\Http\Kernel->handle(Object(Illuminate\Http\Request))
#26 {main}  
[2016-05-04 13:36:30] local.ERROR: exception 'Illuminate\Session\TokenMismatchException' in /var/www/html/portalbase/bootstrap/cache/compiled.php:2927
Stack trace:
#0 /var/www/html/portalbase/app/Http/Middleware/VerifyCsrfToken.php(17): Illuminate\Foundation\Http\Middleware\VerifyCsrfToken->handle(Object(Illuminate\Http\Request), Object(Closure))
#1 [internal function]: App\Http\Middleware\VerifyCsrfToken->handle(Object(Illuminate\Http\Request), Object(Closure))
#2 /var/www/html/portalbase/bootstrap/cache/compiled.php(9614): call_user_func_array(Array, Array)
#3 /var/www/html/portalbase/vendor/maatwebsite/laravel-sidebar/src/Middleware/ResolveSidebars.php(35): Illuminate\Pipeline\Pipeline->Illuminate\Pipeline\{closure}(Object(Illuminate\Http\Request))
#4 [internal function]: Maatwebsite\Sidebar\Middleware\ResolveSidebars->handle(Object(Illuminate\Http\Request), Object(Closure))
#5 /var/www/html/portalbase/bootstrap/cache/compiled.php(9614): call_user_func_array(Array, Array)
#6 /var/www/html/portalbase/bootstrap/cache/compiled.php(12963): Illuminate\Pipeline\Pipeline->Illuminate\Pipeline\{closure}(Object(Illuminate\Http\Request))
#7 [internal function]: Illuminate\View\Middleware\ShareErrorsFromSession->handle(Object(Illuminate\Http\Request), Object(Closure))
#8 /var/www/html/portalbase/bootstrap/cache/compiled.php(9614): call_user_func_array(Array, Array)
#9 /var/www/html/portalbase/bootstrap/cache/compiled.php(11557): Illuminate\Pipeline\Pipeline->Illuminate\Pipeline\{closure}(Object(Illuminate\Http\Request))
#10 [internal function]: Illuminate\Session\Middleware\StartSession->handle(Object(Illuminate\Http\Request), Object(Closure))
#11 /var/www/html/portalbase/bootstrap/cache/compiled.php(9614): call_user_func_array(Array, Array)
#12 /var/www/html/portalbase/bootstrap/cache/compiled.php(12700): Illuminate\Pipeline\Pipeline->Illuminate\Pipeline\{closure}(Object(Illuminate\Http\Request))
#13 [internal function]: Illuminate\Cookie\Middleware\AddQueuedCookiesToResponse->handle(Object(Illuminate\Http\Request), Object(Closure))
#14 /var/www/html/portalbase/bootstrap/cache/compiled.php(9614): call_user_func_array(Array, Array)
#15 /var/www/html/portalbase/bootstrap/cache/compiled.php(12637): Illuminate\Pipeline\Pipeline->Illuminate\Pipeline\{closure}(Object(Illuminate\Http\Request))
#16 [internal function]: Illuminate\Cookie\Middleware\EncryptCookies->handle(Object(Illuminate\Http\Request), Object(Closure))
#17 /var/www/html/portalbase/bootstrap/cache/compiled.php(9614): call_user_func_array(Array, Array)
#18 /var/www/html/portalbase/bootstrap/cache/compiled.php(2982): Illuminate\Pipeline\Pipeline->Illuminate\Pipeline\{closure}(Object(Illuminate\Http\Request))
#19 [internal function]: Illuminate\Foundation\Http\Middleware\CheckForMaintenanceMode->handle(Object(Illuminate\Http\Request), Object(Closure))
#20 /var/www/html/portalbase/bootstrap/cache/compiled.php(9614): call_user_func_array(Array, Array)
#21 [internal function]: Illuminate\Pipeline\Pipeline->Illuminate\Pipeline\{closure}(Object(Illuminate\Http\Request))
#22 /var/www/html/portalbase/bootstrap/cache/compiled.php(9604): call_user_func(Object(Closure), Object(Illuminate\Http\Request))
#23 /var/www/html/portalbase/bootstrap/cache/compiled.php(2254): Illuminate\Pipeline\Pipeline->then(Object(Closure))
#24 /var/www/html/portalbase/bootstrap/cache/compiled.php(2237): Illuminate\Foundation\Http\Kernel->sendRequestThroughRouter(Object(Illuminate\Http\Request))
#25 /var/www/html/portalbase/public/index.php(53): Illuminate\Foundation\Http\Kernel->handle(Object(Illuminate\Http\Request))
#26 {main}  
[2016-05-04 18:10:22] local.ERROR: exception 'Illuminate\Session\TokenMismatchException' in /var/www/html/portalbase/bootstrap/cache/compiled.php:2927
Stack trace:
#0 /var/www/html/portalbase/app/Http/Middleware/VerifyCsrfToken.php(17): Illuminate\Foundation\Http\Middleware\VerifyCsrfToken->handle(Object(Illuminate\Http\Request), Object(Closure))
#1 [internal function]: App\Http\Middleware\VerifyCsrfToken->handle(Object(Illuminate\Http\Request), Object(Closure))
#2 /var/www/html/portalbase/bootstrap/cache/compiled.php(9614): call_user_func_array(Array, Array)
#3 /var/www/html/portalbase/vendor/maatwebsite/laravel-sidebar/src/Middleware/ResolveSidebars.php(35): Illuminate\Pipeline\Pipeline->Illuminate\Pipeline\{closure}(Object(Illuminate\Http\Request))
#4 [internal function]: Maatwebsite\Sidebar\Middleware\ResolveSidebars->handle(Object(Illuminate\Http\Request), Object(Closure))
#5 /var/www/html/portalbase/bootstrap/cache/compiled.php(9614): call_user_func_array(Array, Array)
#6 /var/www/html/portalbase/bootstrap/cache/compiled.php(12963): Illuminate\Pipeline\Pipeline->Illuminate\Pipeline\{closure}(Object(Illuminate\Http\Request))
#7 [internal function]: Illuminate\View\Middleware\ShareErrorsFromSession->handle(Object(Illuminate\Http\Request), Object(Closure))
#8 /var/www/html/portalbase/bootstrap/cache/compiled.php(9614): call_user_func_array(Array, Array)
#9 /var/www/html/portalbase/bootstrap/cache/compiled.php(11557): Illuminate\Pipeline\Pipeline->Illuminate\Pipeline\{closure}(Object(Illuminate\Http\Request))
#10 [internal function]: Illuminate\Session\Middleware\StartSession->handle(Object(Illuminate\Http\Request), Object(Closure))
#11 /var/www/html/portalbase/bootstrap/cache/compiled.php(9614): call_user_func_array(Array, Array)
#12 /var/www/html/portalbase/bootstrap/cache/compiled.php(12700): Illuminate\Pipeline\Pipeline->Illuminate\Pipeline\{closure}(Object(Illuminate\Http\Request))
#13 [internal function]: Illuminate\Cookie\Middleware\AddQueuedCookiesToResponse->handle(Object(Illuminate\Http\Request), Object(Closure))
#14 /var/www/html/portalbase/bootstrap/cache/compiled.php(9614): call_user_func_array(Array, Array)
#15 /var/www/html/portalbase/bootstrap/cache/compiled.php(12637): Illuminate\Pipeline\Pipeline->Illuminate\Pipeline\{closure}(Object(Illuminate\Http\Request))
#16 [internal function]: Illuminate\Cookie\Middleware\EncryptCookies->handle(Object(Illuminate\Http\Request), Object(Closure))
#17 /var/www/html/portalbase/bootstrap/cache/compiled.php(9614): call_user_func_array(Array, Array)
#18 /var/www/html/portalbase/bootstrap/cache/compiled.php(2982): Illuminate\Pipeline\Pipeline->Illuminate\Pipeline\{closure}(Object(Illuminate\Http\Request))
#19 [internal function]: Illuminate\Foundation\Http\Middleware\CheckForMaintenanceMode->handle(Object(Illuminate\Http\Request), Object(Closure))
#20 /var/www/html/portalbase/bootstrap/cache/compiled.php(9614): call_user_func_array(Array, Array)
#21 [internal function]: Illuminate\Pipeline\Pipeline->Illuminate\Pipeline\{closure}(Object(Illuminate\Http\Request))
#22 /var/www/html/portalbase/bootstrap/cache/compiled.php(9604): call_user_func(Object(Closure), Object(Illuminate\Http\Request))
#23 /var/www/html/portalbase/bootstrap/cache/compiled.php(2254): Illuminate\Pipeline\Pipeline->then(Object(Closure))
#24 /var/www/html/portalbase/bootstrap/cache/compiled.php(2237): Illuminate\Foundation\Http\Kernel->sendRequestThroughRouter(Object(Illuminate\Http\Request))
#25 /var/www/html/portalbase/public/index.php(53): Illuminate\Foundation\Http\Kernel->handle(Object(Illuminate\Http\Request))
#26 {main}  
[2016-05-04 22:38:50] local.ERROR: exception 'Illuminate\Session\TokenMismatchException' in /var/www/html/portalbase/bootstrap/cache/compiled.php:2927
Stack trace:
#0 /var/www/html/portalbase/app/Http/Middleware/VerifyCsrfToken.php(17): Illuminate\Foundation\Http\Middleware\VerifyCsrfToken->handle(Object(Illuminate\Http\Request), Object(Closure))
#1 [internal function]: App\Http\Middleware\VerifyCsrfToken->handle(Object(Illuminate\Http\Request), Object(Closure))
#2 /var/www/html/portalbase/bootstrap/cache/compiled.php(9614): call_user_func_array(Array, Array)
#3 /var/www/html/portalbase/vendor/maatwebsite/laravel-sidebar/src/Middleware/ResolveSidebars.php(35): Illuminate\Pipeline\Pipeline->Illuminate\Pipeline\{closure}(Object(Illuminate\Http\Request))
#4 [internal function]: Maatwebsite\Sidebar\Middleware\ResolveSidebars->handle(Object(Illuminate\Http\Request), Object(Closure))
#5 /var/www/html/portalbase/bootstrap/cache/compiled.php(9614): call_user_func_array(Array, Array)
#6 /var/www/html/portalbase/bootstrap/cache/compiled.php(12963): Illuminate\Pipeline\Pipeline->Illuminate\Pipeline\{closure}(Object(Illuminate\Http\Request))
#7 [internal function]: Illuminate\View\Middleware\ShareErrorsFromSession->handle(Object(Illuminate\Http\Request), Object(Closure))
#8 /var/www/html/portalbase/bootstrap/cache/compiled.php(9614): call_user_func_array(Array, Array)
#9 /var/www/html/portalbase/bootstrap/cache/compiled.php(11557): Illuminate\Pipeline\Pipeline->Illuminate\Pipeline\{closure}(Object(Illuminate\Http\Request))
#10 [internal function]: Illuminate\Session\Middleware\StartSession->handle(Object(Illuminate\Http\Request), Object(Closure))
#11 /var/www/html/portalbase/bootstrap/cache/compiled.php(9614): call_user_func_array(Array, Array)
#12 /var/www/html/portalbase/bootstrap/cache/compiled.php(12700): Illuminate\Pipeline\Pipeline->Illuminate\Pipeline\{closure}(Object(Illuminate\Http\Request))
#13 [internal function]: Illuminate\Cookie\Middleware\AddQueuedCookiesToResponse->handle(Object(Illuminate\Http\Request), Object(Closure))
#14 /var/www/html/portalbase/bootstrap/cache/compiled.php(9614): call_user_func_array(Array, Array)
#15 /var/www/html/portalbase/bootstrap/cache/compiled.php(12637): Illuminate\Pipeline\Pipeline->Illuminate\Pipeline\{closure}(Object(Illuminate\Http\Request))
#16 [internal function]: Illuminate\Cookie\Middleware\EncryptCookies->handle(Object(Illuminate\Http\Request), Object(Closure))
#17 /var/www/html/portalbase/bootstrap/cache/compiled.php(9614): call_user_func_array(Array, Array)
#18 /var/www/html/portalbase/bootstrap/cache/compiled.php(2982): Illuminate\Pipeline\Pipeline->Illuminate\Pipeline\{closure}(Object(Illuminate\Http\Request))
#19 [internal function]: Illuminate\Foundation\Http\Middleware\CheckForMaintenanceMode->handle(Object(Illuminate\Http\Request), Object(Closure))
#20 /var/www/html/portalbase/bootstrap/cache/compiled.php(9614): call_user_func_array(Array, Array)
#21 [internal function]: Illuminate\Pipeline\Pipeline->Illuminate\Pipeline\{closure}(Object(Illuminate\Http\Request))
#22 /var/www/html/portalbase/bootstrap/cache/compiled.php(9604): call_user_func(Object(Closure), Object(Illuminate\Http\Request))
#23 /var/www/html/portalbase/bootstrap/cache/compiled.php(2254): Illuminate\Pipeline\Pipeline->then(Object(Closure))
#24 /var/www/html/portalbase/bootstrap/cache/compiled.php(2237): Illuminate\Foundation\Http\Kernel->sendRequestThroughRouter(Object(Illuminate\Http\Request))
#25 /var/www/html/portalbase/public/index.php(53): Illuminate\Foundation\Http\Kernel->handle(Object(Illuminate\Http\Request))
#26 {main}  
